********************************************************************************
DUPLICATOR-LITE PACKAGE-LOG: 12 July, 2018 12:52 am
NOTICE: Do NOT post to public sites or forums 
********************************************************************************
VERSION:	1.2.40
WORDPRESS:	4.9.7
PHP INFO:	7.2.1 | SAPI: apache2handler
SERVER:		Apache/2.2.31 (Win32) DAV/2 mod_ssl/2.2.31 OpenSSL/1.0.2h mod_fcgid/2.3.9 mod_wsgi/3.4 Python/2.7.6 PHP/7.2.1 mod_perl/2.0.8 Perl/v5.16.3 
PHP TIME LIMIT: (0) no time limit imposed 
PHP MAX MEMORY: 2048M (256M default) 
MEMORY STACK: 20MB 

********************************************************************************
DATABASE:
********************************************************************************
BUILD MODE:   PHP(query limit - 100)
MYSQLTIMEOUT: 5000
MYSQLDUMP:    Not Supported 
TABLES: total:15 | filtered:0 | create:15 
FILTERED: [] 
SQL CREATED: 20180711_kleanersite_8509413cadaffef54945180712005222_database.sql 
SQL FILE SIZE: 563.12KB (576632) 
SQL FILE TIME: 2018-07-12 00:52:32 
SQL RUNTIME: 0.19 sec. 

******************************************************************************** 
ARCHIVE (ZIP): 
******************************************************************************** 
ARCHIVE DIR:  C:/MAMP/htdocs/Kleaner 
ARCHIVE FILE: 20180711_kleanersite_8509413cadaffef54945180712005222_archive.zip 
FILTERS: *OFF* 
DIRS:
	not set 
FILES:
	not set 
EXTS:  not set 
---------------------------------------- 
COMPRESSING 
SIZE:	54MB 
STATS:	Dirs 370 | Files 3,006 
SQL ADDED: 20180711_kleanersite_8509413cadaffef54945180712005222_database.sql 
ZipArchive Object
(
    [status] => 0
    [statusSys] => 0
    [numFiles] => 3376
    [filename] => C:\MAMP\htdocs\Kleaner\wp-snapshots\tmp\20180711_kleanersite_8509413cadaffef54945180712005222_archive.zip
    [comment] => 
)
 
COMPRESSION RESULT: '1' 
COMPRESSED SIZE: 21.33MB 
ARCHIVE RUNTIME: 8.92 sec. 
MEMORY STACK: 20MB 

******************************************************************************** 
MAKE INSTALLER: 
******************************************************************************** 
Build Start 
Build Finished 
Preping for use 
PACK SIZE:  
Template parsed with new data 
Complete [C:/MAMP/htdocs/Kleaner/wp-snapshots/tmp/20180711_kleanersite_8509413cadaffef54945180712005222_installer.php] 
Added to archive 

******************************************************************************** 
INTEGRITY CHECKS: 
******************************************************************************** 
SQL File: 563.12KB 
Installer File: 445.87KB 
Archive File: 21.33MB  

********************************************************************************
RECORD ID:[3]
TOTAL PROCESS RUNTIME: 9.85 sec.
PEAK PHP MEMORY USED: 22MB
DONE PROCESSING => 20180711_kleanersite 12 July, 2018 12:52 am
 
